[2016-04-01 14:10:37] local.ERROR: exception 'ErrorException' with message 'array_key_exists() expects parameter 2 to be array, string given' in C:\xampp\htdocs\fincon\api\app\Http\Controllers\AccountsController.php:32
Stack trace:
#0 [internal function]: Illuminate\Foundation\Bootstrap\HandleExceptions->handleError(2, 'array_key_exist...', 'C:\\xampp\\htdocs...', 32, Array)
#1 C:\xampp\htdocs\fincon\api\app\Http\Controllers\AccountsController.php(32): array_key_exists(Array, 'id')
#2 [internal function]: App\Http\Controllers\AccountsController->save_exp()
#3 C:\xampp\htdocs\fincon\api\vendor\compiled.php(8287): call_user_func_array(Array, Array)
#4 C:\xampp\htdocs\fincon\api\vendor\compiled.php(8354): Illuminate\Routing\Controller->callAction('save_exp', Array)
#5 C:\xampp\htdocs\fincon\api\vendor\compiled.php(8333): Illuminate\Routing\ControllerDispatcher->call(Object(App\Http\Controllers\AccountsController), Object(Illuminate\Routing\Route), 'save_exp')
#6 [internal function]: Illuminate\Routing\ControllerDispatcher->Illuminate\Routing\{closure}(Object(Illuminate\Http\Request))
#7 C:\xampp\htdocs\fincon\api\vendor\compiled.php(8952): call_user_func(Object(Closure), Object(Illuminate\Http\Request))
#8 [internal function]: Illuminate\Pipeline\Pipeline->Illuminate\Pipeline\{closure}(Object(Illuminate\Http\Request))
#9 C:\xampp\htdocs\fincon\api\vendor\compiled.php(8935): call_user_func(Object(Closure), Object(Illuminate\Http\Request))
#10 C:\xampp\htdocs\fincon\api\vendor\compiled.php(8334): Illuminate\Pipeline\Pipeline->then(Object(Closure))
#11 C:\xampp\htdocs\fincon\api\vendor\compiled.php(8320): Illuminate\Routing\ControllerDispatcher->callWithinStack(Object(App\Http\Controllers\AccountsController), Object(Illuminate\Routing\Route), Object(Illuminate\Http\Request), 'save_exp')
#12 C:\xampp\htdocs\fincon\api\vendor\compiled.php(7317): Illuminate\Routing\ControllerDispatcher->dispatch(Object(Illuminate\Routing\Route), Object(Illuminate\Http\Request), 'App\\Http\\Contro...', 'save_exp')
#13 C:\xampp\htdocs\fincon\api\vendor\compiled.php(7288): Illuminate\Routing\Route->runWithCustomDispatcher(Object(Illuminate\Http\Request))
#14 C:\xampp\htdocs\fincon\api\vendor\compiled.php(6954): Illuminate\Routing\Route->run(Object(Illuminate\Http\Request))
#15 [internal function]: Illuminate\Routing\Router->Illuminate\Routing\{closure}(Object(Illuminate\Http\Request))
#16 C:\xampp\htdocs\fincon\api\vendor\compiled.php(8952): call_user_func(Object(Closure), Object(Illuminate\Http\Request))
#17 C:\xampp\htdocs\fincon\api\app\Http\Middleware\Auth.php(39): Illuminate\Pipeline\Pipeline->Illuminate\Pipeline\{closure}(Object(Illuminate\Http\Request))
#18 C:\xampp\htdocs\fincon\api\vendor\compiled.php(8944): App\Http\Middleware\Auth->handle(Object(Illuminate\Http\Request), Object(Closure))
#19 [internal function]: Illuminate\Pipeline\Pipeline->Illuminate\Pipeline\{closure}(Object(Illuminate\Http\Request))
#20 C:\xampp\htdocs\fincon\api\vendor\compiled.php(8935): call_user_func(Object(Closure), Object(Illuminate\Http\Request))
#21 C:\xampp\htdocs\fincon\api\vendor\compiled.php(6955): Illuminate\Pipeline\Pipeline->then(Object(Closure))
#22 C:\xampp\htdocs\fincon\api\vendor\compiled.php(6944): Illuminate\Routing\Router->runRouteWithinStack(Object(Illuminate\Routing\Route), Object(Illuminate\Http\Request))
#23 C:\xampp\htdocs\fincon\api\vendor\compiled.php(6929): Illuminate\Routing\Router->dispatchToRoute(Object(Illuminate\Http\Request))
#24 C:\xampp\htdocs\fincon\api\vendor\compiled.php(1935): Illuminate\Routing\Router->dispatch(Object(Illuminate\Http\Request))
#25 [internal function]: Illuminate\Foundation\Http\Kernel->Illuminate\Foundation\Http\{closure}(Object(Illuminate\Http\Request))
#26 C:\xampp\htdocs\fincon\api\vendor\compiled.php(8952): call_user_func(Object(Closure), Object(Illuminate\Http\Request))
#27 C:\xampp\htdocs\fincon\api\app\Http\Middleware\VerifyCsrfToken.php(18): Illuminate\Pipeline\Pipeline->Illuminate\Pipeline\{closure}(Object(Illuminate\Http\Request))
#28 C:\xampp\htdocs\fincon\api\vendor\compiled.php(8944): App\Http\Middleware\VerifyCsrfToken->handle(Object(Illuminate\Http\Request), Object(Closure))
#29 C:\xampp\htdocs\fincon\api\vendor\compiled.php(12083): Illuminate\Pipeline\Pipeline->Illuminate\Pipeline\{closure}(Object(Illuminate\Http\Request))
#30 C:\xampp\htdocs\fincon\api\vendor\compiled.php(8944): Illuminate\View\Middleware\ShareErrorsFromSession->handle(Object(Illuminate\Http\Request), Object(Closure))
#31 C:\xampp\htdocs\fincon\api\vendor\compiled.php(10785): Illuminate\Pipeline\Pipeline->Illuminate\Pipeline\{closure}(Object(Illuminate\Http\Request))
#32 C:\xampp\htdocs\fincon\api\vendor\compiled.php(8944): Illuminate\Session\Middleware\StartSession->handle(Object(Illuminate\Http\Request), Object(Closure))
#33 C:\xampp\htdocs\fincon\api\vendor\compiled.php(11789): Illuminate\Pipeline\Pipeline->Illuminate\Pipeline\{closure}(Object(Illuminate\Http\Request))
#34 C:\xampp\htdocs\fincon\api\vendor\compiled.php(8944): Illuminate\Cookie\Middleware\AddQueuedCookiesToResponse->handle(Object(Illuminate\Http\Request), Object(Closure))
#35 C:\xampp\htdocs\fincon\api\vendor\compiled.php(11738): Illuminate\Pipeline\Pipeline->Illuminate\Pipeline\{closure}(Object(Illuminate\Http\Request))
#36 C:\xampp\htdocs\fincon\api\vendor\compiled.php(8944): Illuminate\Cookie\Middleware\EncryptCookies->handle(Object(Illuminate\Http\Request), Object(Closure))
#37 C:\xampp\htdocs\fincon\api\vendor\compiled.php(2478): Illuminate\Pipeline\Pipeline->Illuminate\Pipeline\{closure}(Object(Illuminate\Http\Request))
#38 C:\xampp\htdocs\fincon\api\vendor\compiled.php(8944): Illuminate\Foundation\Http\Middleware\CheckForMaintenanceMode->handle(Object(Illuminate\Http\Request), Object(Closure))
#39 [internal function]: Illuminate\Pipeline\Pipeline->Illuminate\Pipeline\{closure}(Object(Illuminate\Http\Request))
#40 C:\xampp\htdocs\fincon\api\vendor\compiled.php(8935): call_user_func(Object(Closure), Object(Illuminate\Http\Request))
#41 C:\xampp\htdocs\fincon\api\vendor\compiled.php(1891): Illuminate\Pipeline\Pipeline->then(Object(Closure))
#42 C:\xampp\htdocs\fincon\api\vendor\compiled.php(1880): Illuminate\Foundation\Http\Kernel->sendRequestThroughRouter(Object(Illuminate\Http\Request))
#43 C:\xampp\htdocs\fincon\api\public\index.php(53): Illuminate\Foundation\Http\Kernel->handle(Object(Illuminate\Http\Request))
#44 {main}  
[2016-04-01 14:11:05] local.ERROR: exception 'PDOException' with message 'SQLSTATE[23000]: Integrity constraint violation: 1048 Column 'third_party' cannot be null' in C:\xampp\htdocs\fincon\api\vendor\laravel\framework\src\Illuminate\Database\Connection.php:358
Stack trace:
#0 C:\xampp\htdocs\fincon\api\vendor\laravel\framework\src\Illuminate\Database\Connection.php(358): PDOStatement->execute(Array)
#1 C:\xampp\htdocs\fincon\api\vendor\laravel\framework\src\Illuminate\Database\Connection.php(612): Illuminate\Database\Connection->Illuminate\Database\{closure}(Object(Illuminate\Database\MySqlConnection), 'insert into `ex...', Array)
#2 C:\xampp\htdocs\fincon\api\vendor\laravel\framework\src\Illuminate\Database\Connection.php(576): Illuminate\Database\Connection->runQueryCallback('insert into `ex...', Array, Object(Closure))
#3 C:\xampp\htdocs\fincon\api\vendor\laravel\framework\src\Illuminate\Database\Connection.php(359): Illuminate\Database\Connection->run('insert into `ex...', Array, Object(Closure))
#4 C:\xampp\htdocs\fincon\api\vendor\laravel\framework\src\Illuminate\Database\Connection.php(316): Illuminate\Database\Connection->statement('insert into `ex...', Array)
#5 C:\xampp\htdocs\fincon\api\vendor\laravel\framework\src\Illuminate\Database\Query\Processors\Processor.php(30): Illuminate\Database\Connection->insert('insert into `ex...', Array)
#6 C:\xampp\htdocs\fincon\api\vendor\laravel\framework\src\Illuminate\Database\Query\Builder.php(1718): Illuminate\Database\Query\Processors\Processor->processInsertGetId(Object(Illuminate\Database\Query\Builder), 'insert into `ex...', Array, 'id')
#7 [internal function]: Illuminate\Database\Query\Builder->insertGetId(Array, 'id')
#8 C:\xampp\htdocs\fincon\api\vendor\laravel\framework\src\Illuminate\Database\Eloquent\Builder.php(933): call_user_func_array(Array, Array)
#9 C:\xampp\htdocs\fincon\api\vendor\compiled.php(9807): Illuminate\Database\Eloquent\Builder->__call('insertGetId', Array)
#10 C:\xampp\htdocs\fincon\api\vendor\compiled.php(9807): Illuminate\Database\Eloquent\Builder->insertGetId(Array, 'id')
#11 C:\xampp\htdocs\fincon\api\vendor\compiled.php(9797): Illuminate\Database\Eloquent\Model->insertAndSetId(Object(Illuminate\Database\Eloquent\Builder), Array)
#12 C:\xampp\htdocs\fincon\api\vendor\compiled.php(9754): Illuminate\Database\Eloquent\Model->performInsert(Object(Illuminate\Database\Eloquent\Builder), Array)
#13 C:\xampp\htdocs\fincon\api\app\Http\Controllers\AccountsController.php(59): Illuminate\Database\Eloquent\Model->save()
#14 [internal function]: App\Http\Controllers\AccountsController->save_exp()
#15 C:\xampp\htdocs\fincon\api\vendor\compiled.php(8287): call_user_func_array(Array, Array)
#16 C:\xampp\htdocs\fincon\api\vendor\compiled.php(8354): Illuminate\Routing\Controller->callAction('save_exp', Array)
#17 C:\xampp\htdocs\fincon\api\vendor\compiled.php(8333): Illuminate\Routing\ControllerDispatcher->call(Object(App\Http\Controllers\AccountsController), Object(Illuminate\Routing\Route), 'save_exp')
#18 [internal function]: Illuminate\Routing\ControllerDispatcher->Illuminate\Routing\{closure}(Object(Illuminate\Http\Request))
#19 C:\xampp\htdocs\fincon\api\vendor\compiled.php(8952): call_user_func(Object(Closure), Object(Illuminate\Http\Request))
#20 [internal function]: Illuminate\Pipeline\Pipeline->Illuminate\Pipeline\{closure}(Object(Illuminate\Http\Request))
#21 C:\xampp\htdocs\fincon\api\vendor\compiled.php(8935): call_user_func(Object(Closure), Object(Illuminate\Http\Request))
#22 C:\xampp\htdocs\fincon\api\vendor\compiled.php(8334): Illuminate\Pipeline\Pipeline->then(Object(Closure))
#23 C:\xampp\htdocs\fincon\api\vendor\compiled.php(8320): Illuminate\Routing\ControllerDispatcher->callWithinStack(Object(App\Http\Controllers\AccountsController), Object(Illuminate\Routing\Route), Object(Illuminate\Http\Request), 'save_exp')
#24 C:\xampp\htdocs\fincon\api\vendor\compiled.php(7317): Illuminate\Routing\ControllerDispatcher->dispatch(Object(Illuminate\Routing\Route), Object(Illuminate\Http\Request), 'App\\Http\\Contro...', 'save_exp')
#25 C:\xampp\htdocs\fincon\api\vendor\compiled.php(7288): Illuminate\Routing\Route->runWithCustomDispatcher(Object(Illuminate\Http\Request))
#26 C:\xampp\htdocs\fincon\api\vendor\compiled.php(6954): Illuminate\Routing\Route->run(Object(Illuminate\Http\Request))
#27 [internal function]: Illuminate\Routing\Router->Illuminate\Routing\{closure}(Object(Illuminate\Http\Request))
#28 C:\xampp\htdocs\fincon\api\vendor\compiled.php(8952): call_user_func(Object(Closure), Object(Illuminate\Http\Request))
#29 C:\xampp\htdocs\fincon\api\app\Http\Middleware\Auth.php(39): Illuminate\Pipeline\Pipeline->Illuminate\Pipeline\{closure}(Object(Illuminate\Http\Request))
#30 C:\xampp\htdocs\fincon\api\vendor\compiled.php(8944): App\Http\Middleware\Auth->handle(Object(Illuminate\Http\Request), Object(Closure))
#31 [internal function]: Illuminate\Pipeline\Pipeline->Illuminate\Pipeline\{closure}(Object(Illuminate\Http\Request))
#32 C:\xampp\htdocs\fincon\api\vendor\compiled.php(8935): call_user_func(Object(Closure), Object(Illuminate\Http\Request))
#33 C:\xampp\htdocs\fincon\api\vendor\compiled.php(6955): Illuminate\Pipeline\Pipeline->then(Object(Closure))
#34 C:\xampp\htdocs\fincon\api\vendor\compiled.php(6944): Illuminate\Routing\Router->runRouteWithinStack(Object(Illuminate\Routing\Route), Object(Illuminate\Http\Request))
#35 C:\xampp\htdocs\fincon\api\vendor\compiled.php(6929): Illuminate\Routing\Router->dispatchToRoute(Object(Illuminate\Http\Request))
#36 C:\xampp\htdocs\fincon\api\vendor\compiled.php(1935): Illuminate\Routing\Router->dispatch(Object(Illuminate\Http\Request))
#37 [internal function]: Illuminate\Foundation\Http\Kernel->Illuminate\Foundation\Http\{closure}(Object(Illuminate\Http\Request))
#38 C:\xampp\htdocs\fincon\api\vendor\compiled.php(8952): call_user_func(Object(Closure), Object(Illuminate\Http\Request))
#39 C:\xampp\htdocs\fincon\api\app\Http\Middleware\VerifyCsrfToken.php(18): Illuminate\Pipeline\Pipeline->Illuminate\Pipeline\{closure}(Object(Illuminate\Http\Request))
#40 C:\xampp\htdocs\fincon\api\vendor\compiled.php(8944): App\Http\Middleware\VerifyCsrfToken->handle(Object(Illuminate\Http\Request), Object(Closure))
#41 C:\xampp\htdocs\fincon\api\vendor\compiled.php(12083): Illuminate\Pipeline\Pipeline->Illuminate\Pipeline\{closure}(Object(Illuminate\Http\Request))
#42 C:\xampp\htdocs\fincon\api\vendor\compiled.php(8944): Illuminate\View\Middleware\ShareErrorsFromSession->handle(Object(Illuminate\Http\Request), Object(Closure))
#43 C:\xampp\htdocs\fincon\api\vendor\compiled.php(10785): Illuminate\Pipeline\Pipeline->Illuminate\Pipeline\{closure}(Object(Illuminate\Http\Request))
#44 C:\xampp\htdocs\fincon\api\vendor\compiled.php(8944): Illuminate\Session\Middleware\StartSession->handle(Object(Illuminate\Http\Request), Object(Closure))
#45 C:\xampp\htdocs\fincon\api\vendor\compiled.php(11789): Illuminate\Pipeline\Pipeline->Illuminate\Pipeline\{closure}(Object(Illuminate\Http\Request))
#46 C:\xampp\htdocs\fincon\api\vendor\compiled.php(8944): Illuminate\Cookie\Middleware\AddQueuedCookiesToResponse->handle(Object(Illuminate\Http\Request), Object(Closure))
#47 C:\xampp\htdocs\fincon\api\vendor\compiled.php(11738): Illuminate\Pipeline\Pipeline->Illuminate\Pipeline\{closure}(Object(Illuminate\Http\Request))
#48 C:\xampp\htdocs\fincon\api\vendor\compiled.php(8944): Illuminate\Cookie\Middleware\EncryptCookies->handle(Object(Illuminate\Http\Request), Object(Closure))
#49 C:\xampp\htdocs\fincon\api\vendor\compiled.php(2478): Illuminate\Pipeline\Pipeline->Illuminate\Pipeline\{closure}(Object(Illuminate\Http\Request))
#50 C:\xampp\htdocs\fincon\api\vendor\compiled.php(8944): Illuminate\Foundation\Http\Middleware\CheckForMaintenanceMode->handle(Object(Illuminate\Http\Request), Object(Closure))
#51 [internal function]: Illuminate\Pipeline\Pipeline->Illuminate\Pipeline\{closure}(Object(Illuminate\Http\Request))
#52 C:\xampp\htdocs\fincon\api\vendor\compiled.php(8935): call_user_func(Object(Closure), Object(Illuminate\Http\Request))
#53 C:\xampp\htdocs\fincon\api\vendor\compiled.php(1891): Illuminate\Pipeline\Pipeline->then(Object(Closure))
#54 C:\xampp\htdocs\fincon\api\vendor\compiled.php(1880): Illuminate\Foundation\Http\Kernel->sendRequestThroughRouter(Object(Illuminate\Http\Request))
#55 C:\xampp\htdocs\fincon\api\public\index.php(53): Illuminate\Foundation\Http\Kernel->handle(Object(Illuminate\Http\Request))
#56 {main}

Next exception 'Illuminate\Database\QueryException' with message 'SQLSTATE[23000]: Integrity constraint violation: 1048 Column 'third_party' cannot be null (SQL: insert into `expenditure_parties` (`created_by`, `expenditure`, `third_party`, `amount`, `updated_at`, `created_at`) values (3, 1, , , 2016-04-01 14:11:05, 2016-04-01 14:11:05))' in C:\xampp\htdocs\fincon\api\vendor\laravel\framework\src\Illuminate\Database\Connection.php:620
Stack trace:
#0 C:\xampp\htdocs\fincon\api\vendor\laravel\framework\src\Illuminate\Database\Connection.php(576): Illuminate\Database\Connection->runQueryCallback('insert into `ex...', Array, Object(Closure))
#1 C:\xampp\htdocs\fincon\api\vendor\laravel\framework\src\Illuminate\Database\Connection.php(359): Illuminate\Database\Connection->run('insert into `ex...', Array, Object(Closure))
#2 C:\xampp\htdocs\fincon\api\vendor\laravel\framework\src\Illuminate\Database\Connection.php(316): Illuminate\Database\Connection->statement('insert into `ex...', Array)
#3 C:\xampp\htdocs\fincon\api\vendor\laravel\framework\src\Illuminate\Database\Query\Processors\Processor.php(30): Illuminate\Database\Connection->insert('insert into `ex...', Array)
#4 C:\xampp\htdocs\fincon\api\vendor\laravel\framework\src\Illuminate\Database\Query\Builder.php(1718): Illuminate\Database\Query\Processors\Processor->processInsertGetId(Object(Illuminate\Database\Query\Builder), 'insert into `ex...', Array, 'id')
#5 [internal function]: Illuminate\Database\Query\Builder->insertGetId(Array, 'id')
#6 C:\xampp\htdocs\fincon\api\vendor\laravel\framework\src\Illuminate\Database\Eloquent\Builder.php(933): call_user_func_array(Array, Array)
#7 C:\xampp\htdocs\fincon\api\vendor\compiled.php(9807): Illuminate\Database\Eloquent\Builder->__call('insertGetId', Array)
#8 C:\xampp\htdocs\fincon\api\vendor\compiled.php(9807): Illuminate\Database\Eloquent\Builder->insertGetId(Array, 'id')
#9 C:\xampp\htdocs\fincon\api\vendor\compiled.php(9797): Illuminate\Database\Eloquent\Model->insertAndSetId(Object(Illuminate\Database\Eloquent\Builder), Array)
#10 C:\xampp\htdocs\fincon\api\vendor\compiled.php(9754): Illuminate\Database\Eloquent\Model->performInsert(Object(Illuminate\Database\Eloquent\Builder), Array)
#11 C:\xampp\htdocs\fincon\api\app\Http\Controllers\AccountsController.php(59): Illuminate\Database\Eloquent\Model->save()
#12 [internal function]: App\Http\Controllers\AccountsController->save_exp()
#13 C:\xampp\htdocs\fincon\api\vendor\compiled.php(8287): call_user_func_array(Array, Array)
#14 C:\xampp\htdocs\fincon\api\vendor\compiled.php(8354): Illuminate\Routing\Controller->callAction('save_exp', Array)
#15 C:\xampp\htdocs\fincon\api\vendor\compiled.php(8333): Illuminate\Routing\ControllerDispatcher->call(Object(App\Http\Controllers\AccountsController), Object(Illuminate\Routing\Route), 'save_exp')
#16 [internal function]: Illuminate\Routing\ControllerDispatcher->Illuminate\Routing\{closure}(Object(Illuminate\Http\Request))
#17 C:\xampp\htdocs\fincon\api\vendor\compiled.php(8952): call_user_func(Object(Closure), Object(Illuminate\Http\Request))
#18 [internal function]: Illuminate\Pipeline\Pipeline->Illuminate\Pipeline\{closure}(Object(Illuminate\Http\Request))
#19 C:\xampp\htdocs\fincon\api\vendor\compiled.php(8935): call_user_func(Object(Closure), Object(Illuminate\Http\Request))
#20 C:\xampp\htdocs\fincon\api\vendor\compiled.php(8334): Illuminate\Pipeline\Pipeline->then(Object(Closure))
#21 C:\xampp\htdocs\fincon\api\vendor\compiled.php(8320): Illuminate\Routing\ControllerDispatcher->callWithinStack(Object(App\Http\Controllers\AccountsController), Object(Illuminate\Routing\Route), Object(Illuminate\Http\Request), 'save_exp')
#22 C:\xampp\htdocs\fincon\api\vendor\compiled.php(7317): Illuminate\Routing\ControllerDispatcher->dispatch(Object(Illuminate\Routing\Route), Object(Illuminate\Http\Request), 'App\\Http\\Contro...', 'save_exp')
#23 C:\xampp\htdocs\fincon\api\vendor\compiled.php(7288): Illuminate\Routing\Route->runWithCustomDispatcher(Object(Illuminate\Http\Request))
#24 C:\xampp\htdocs\fincon\api\vendor\compiled.php(6954): Illuminate\Routing\Route->run(Object(Illuminate\Http\Request))
#25 [internal function]: Illuminate\Routing\Router->Illuminate\Routing\{closure}(Object(Illuminate\Http\Request))
#26 C:\xampp\htdocs\fincon\api\vendor\compiled.php(8952): call_user_func(Object(Closure), Object(Illuminate\Http\Request))
#27 C:\xampp\htdocs\fincon\api\app\Http\Middleware\Auth.php(39): Illuminate\Pipeline\Pipeline->Illuminate\Pipeline\{closure}(Object(Illuminate\Http\Request))
#28 C:\xampp\htdocs\fincon\api\vendor\compiled.php(8944): App\Http\Middleware\Auth->handle(Object(Illuminate\Http\Request), Object(Closure))
#29 [internal function]: Illuminate\Pipeline\Pipeline->Illuminate\Pipeline\{closure}(Object(Illuminate\Http\Request))
#30 C:\xampp\htdocs\fincon\api\vendor\compiled.php(8935): call_user_func(Object(Closure), Object(Illuminate\Http\Request))
#31 C:\xampp\htdocs\fincon\api\vendor\compiled.php(6955): Illuminate\Pipeline\Pipeline->then(Object(Closure))
#32 C:\xampp\htdocs\fincon\api\vendor\compiled.php(6944): Illuminate\Routing\Router->runRouteWithinStack(Object(Illuminate\Routing\Route), Object(Illuminate\Http\Request))
#33 C:\xampp\htdocs\fincon\api\vendor\compiled.php(6929): Illuminate\Routing\Router->dispatchToRoute(Object(Illuminate\Http\Request))
#34 C:\xampp\htdocs\fincon\api\vendor\compiled.php(1935): Illuminate\Routing\Router->dispatch(Object(Illuminate\Http\Request))
#35 [internal function]: Illuminate\Foundation\Http\Kernel->Illuminate\Foundation\Http\{closure}(Object(Illuminate\Http\Request))
#36 C:\xampp\htdocs\fincon\api\vendor\compiled.php(8952): call_user_func(Object(Closure), Object(Illuminate\Http\Request))
#37 C:\xampp\htdocs\fincon\api\app\Http\Middleware\VerifyCsrfToken.php(18): Illuminate\Pipeline\Pipeline->Illuminate\Pipeline\{closure}(Object(Illuminate\Http\Request))
#38 C:\xampp\htdocs\fincon\api\vendor\compiled.php(8944): App\Http\Middleware\VerifyCsrfToken->handle(Object(Illuminate\Http\Request), Object(Closure))
#39 C:\xampp\htdocs\fincon\api\vendor\compiled.php(12083): Illuminate\Pipeline\Pipeline->Illuminate\Pipeline\{closure}(Object(Illuminate\Http\Request))
#40 C:\xampp\htdocs\fincon\api\vendor\compiled.php(8944): Illuminate\View\Middleware\ShareErrorsFromSession->handle(Object(Illuminate\Http\Request), Object(Closure))
#41 C:\xampp\htdocs\fincon\api\vendor\compiled.php(10785): Illuminate\Pipeline\Pipeline->Illuminate\Pipeline\{closure}(Object(Illuminate\Http\Request))
#42 C:\xampp\htdocs\fincon\api\vendor\compiled.php(8944): Illuminate\Session\Middleware\StartSession->handle(Object(Illuminate\Http\Request), Object(Closure))
#43 C:\xampp\htdocs\fincon\api\vendor\compiled.php(11789): Illuminate\Pipeline\Pipeline->Illuminate\Pipeline\{closure}(Object(Illuminate\Http\Request))
#44 C:\xampp\htdocs\fincon\api\vendor\compiled.php(8944): Illuminate\Cookie\Middleware\AddQueuedCookiesToResponse->handle(Object(Illuminate\Http\Request), Object(Closure))
#45 C:\xampp\htdocs\fincon\api\vendor\compiled.php(11738): Illuminate\Pipeline\Pipeline->Illuminate\Pipeline\{closure}(Object(Illuminate\Http\Request))
#46 C:\xampp\htdocs\fincon\api\vendor\compiled.php(8944): Illuminate\Cookie\Middleware\EncryptCookies->handle(Object(Illuminate\Http\Request), Object(Closure))
#47 C:\xampp\htdocs\fincon\api\vendor\compiled.php(2478): Illuminate\Pipeline\Pipeline->Illuminate\Pipeline\{closure}(Object(Illuminate\Http\Request))
#48 C:\xampp\htdocs\fincon\api\vendor\compiled.php(8944): Illuminate\Foundation\Http\Middleware\CheckForMaintenanceMode->handle(Object(Illuminate\Http\Request), Object(Closure))
#49 [internal function]: Illuminate\Pipeline\Pipeline->Illuminate\Pipeline\{closure}(Object(Illuminate\Http\Request))
#50 C:\xampp\htdocs\fincon\api\vendor\compiled.php(8935): call_user_func(Object(Closure), Object(Illuminate\Http\Request))
#51 C:\xampp\htdocs\fincon\api\vendor\compiled.php(1891): Illuminate\Pipeline\Pipeline->then(Object(Closure))
#52 C:\xampp\htdocs\fincon\api\vendor\compiled.php(1880): Illuminate\Foundation\Http\Kernel->sendRequestThroughRouter(Object(Illuminate\Http\Request))
#53 C:\xampp\htdocs\fincon\api\public\index.php(53): Illuminate\Foundation\Http\Kernel->handle(Object(Illuminate\Http\Request))
#54 {main}  
[2016-04-01 14:40:22] local.ERROR: exception 'Symfony\Component\Debug\Exception\FatalErrorException' with message 'Cannot redeclare App\Http\Controllers\AccountsController::deactivate_party()' in C:\xampp\htdocs\fincon\api\app\Http\Controllers\AccountsController.php:311
Stack trace:
#0 {main}  
