[2016-03-29 14:21:11] local.ERROR: exception 'BadMethodCallException' with message 'Method [save_party] does not exist.' in C:\xampp\htdocs\fincon\api\vendor\compiled.php:8295
Stack trace:
#0 [internal function]: Illuminate\Routing\Controller->__call('save_party', Array)
#1 [internal function]: App\Http\Controllers\AccountsController->save_party()
#2 C:\xampp\htdocs\fincon\api\vendor\compiled.php(8287): call_user_func_array(Array, Array)
#3 C:\xampp\htdocs\fincon\api\vendor\compiled.php(8354): Illuminate\Routing\Controller->callAction('save_party', Array)
#4 C:\xampp\htdocs\fincon\api\vendor\compiled.php(8333): Illuminate\Routing\ControllerDispatcher->call(Object(App\Http\Controllers\AccountsController), Object(Illuminate\Routing\Route), 'save_party')
#5 [internal function]: Illuminate\Routing\ControllerDispatcher->Illuminate\Routing\{closure}(Object(Illuminate\Http\Request))
#6 C:\xampp\htdocs\fincon\api\vendor\compiled.php(8952): call_user_func(Object(Closure), Object(Illuminate\Http\Request))
#7 [internal function]: Illuminate\Pipeline\Pipeline->Illuminate\Pipeline\{closure}(Object(Illuminate\Http\Request))
#8 C:\xampp\htdocs\fincon\api\vendor\compiled.php(8935): call_user_func(Object(Closure), Object(Illuminate\Http\Request))
#9 C:\xampp\htdocs\fincon\api\vendor\compiled.php(8334): Illuminate\Pipeline\Pipeline->then(Object(Closure))
#10 C:\xampp\htdocs\fincon\api\vendor\compiled.php(8320): Illuminate\Routing\ControllerDispatcher->callWithinStack(Object(App\Http\Controllers\AccountsController), Object(Illuminate\Routing\Route), Object(Illuminate\Http\Request), 'save_party')
#11 C:\xampp\htdocs\fincon\api\vendor\compiled.php(7317): Illuminate\Routing\ControllerDispatcher->dispatch(Object(Illuminate\Routing\Route), Object(Illuminate\Http\Request), 'App\\Http\\Contro...', 'save_party')
#12 C:\xampp\htdocs\fincon\api\vendor\compiled.php(7288): Illuminate\Routing\Route->runWithCustomDispatcher(Object(Illuminate\Http\Request))
#13 C:\xampp\htdocs\fincon\api\vendor\compiled.php(6954): Illuminate\Routing\Route->run(Object(Illuminate\Http\Request))
#14 [internal function]: Illuminate\Routing\Router->Illuminate\Routing\{closure}(Object(Illuminate\Http\Request))
#15 C:\xampp\htdocs\fincon\api\vendor\compiled.php(8952): call_user_func(Object(Closure), Object(Illuminate\Http\Request))
#16 C:\xampp\htdocs\fincon\api\app\Http\Middleware\Auth.php(39): Illuminate\Pipeline\Pipeline->Illuminate\Pipeline\{closure}(Object(Illuminate\Http\Request))
#17 C:\xampp\htdocs\fincon\api\vendor\compiled.php(8944): App\Http\Middleware\Auth->handle(Object(Illuminate\Http\Request), Object(Closure))
#18 [internal function]: Illuminate\Pipeline\Pipeline->Illuminate\Pipeline\{closure}(Object(Illuminate\Http\Request))
#19 C:\xampp\htdocs\fincon\api\vendor\compiled.php(8935): call_user_func(Object(Closure), Object(Illuminate\Http\Request))
#20 C:\xampp\htdocs\fincon\api\vendor\compiled.php(6955): Illuminate\Pipeline\Pipeline->then(Object(Closure))
#21 C:\xampp\htdocs\fincon\api\vendor\compiled.php(6944): Illuminate\Routing\Router->runRouteWithinStack(Object(Illuminate\Routing\Route), Object(Illuminate\Http\Request))
#22 C:\xampp\htdocs\fincon\api\vendor\compiled.php(6929): Illuminate\Routing\Router->dispatchToRoute(Object(Illuminate\Http\Request))
#23 C:\xampp\htdocs\fincon\api\vendor\compiled.php(1935): Illuminate\Routing\Router->dispatch(Object(Illuminate\Http\Request))
#24 [internal function]: Illuminate\Foundation\Http\Kernel->Illuminate\Foundation\Http\{closure}(Object(Illuminate\Http\Request))
#25 C:\xampp\htdocs\fincon\api\vendor\compiled.php(8952): call_user_func(Object(Closure), Object(Illuminate\Http\Request))
#26 C:\xampp\htdocs\fincon\api\app\Http\Middleware\VerifyCsrfToken.php(18): Illuminate\Pipeline\Pipeline->Illuminate\Pipeline\{closure}(Object(Illuminate\Http\Request))
#27 C:\xampp\htdocs\fincon\api\vendor\compiled.php(8944): App\Http\Middleware\VerifyCsrfToken->handle(Object(Illuminate\Http\Request), Object(Closure))
#28 C:\xampp\htdocs\fincon\api\vendor\compiled.php(12083): Illuminate\Pipeline\Pipeline->Illuminate\Pipeline\{closure}(Object(Illuminate\Http\Request))
#29 C:\xampp\htdocs\fincon\api\vendor\compiled.php(8944): Illuminate\View\Middleware\ShareErrorsFromSession->handle(Object(Illuminate\Http\Request), Object(Closure))
#30 C:\xampp\htdocs\fincon\api\vendor\compiled.php(10785): Illuminate\Pipeline\Pipeline->Illuminate\Pipeline\{closure}(Object(Illuminate\Http\Request))
#31 C:\xampp\htdocs\fincon\api\vendor\compiled.php(8944): Illuminate\Session\Middleware\StartSession->handle(Object(Illuminate\Http\Request), Object(Closure))
#32 C:\xampp\htdocs\fincon\api\vendor\compiled.php(11789): Illuminate\Pipeline\Pipeline->Illuminate\Pipeline\{closure}(Object(Illuminate\Http\Request))
#33 C:\xampp\htdocs\fincon\api\vendor\compiled.php(8944): Illuminate\Cookie\Middleware\AddQueuedCookiesToResponse->handle(Object(Illuminate\Http\Request), Object(Closure))
#34 C:\xampp\htdocs\fincon\api\vendor\compiled.php(11738): Illuminate\Pipeline\Pipeline->Illuminate\Pipeline\{closure}(Object(Illuminate\Http\Request))
#35 C:\xampp\htdocs\fincon\api\vendor\compiled.php(8944): Illuminate\Cookie\Middleware\EncryptCookies->handle(Object(Illuminate\Http\Request), Object(Closure))
#36 C:\xampp\htdocs\fincon\api\vendor\compiled.php(2478): Illuminate\Pipeline\Pipeline->Illuminate\Pipeline\{closure}(Object(Illuminate\Http\Request))
#37 C:\xampp\htdocs\fincon\api\vendor\compiled.php(8944): Illuminate\Foundation\Http\Middleware\CheckForMaintenanceMode->handle(Object(Illuminate\Http\Request), Object(Closure))
#38 [internal function]: Illuminate\Pipeline\Pipeline->Illuminate\Pipeline\{closure}(Object(Illuminate\Http\Request))
#39 C:\xampp\htdocs\fincon\api\vendor\compiled.php(8935): call_user_func(Object(Closure), Object(Illuminate\Http\Request))
#40 C:\xampp\htdocs\fincon\api\vendor\compiled.php(1891): Illuminate\Pipeline\Pipeline->then(Object(Closure))
#41 C:\xampp\htdocs\fincon\api\vendor\compiled.php(1880): Illuminate\Foundation\Http\Kernel->sendRequestThroughRouter(Object(Illuminate\Http\Request))
#42 C:\xampp\htdocs\fincon\api\public\index.php(53): Illuminate\Foundation\Http\Kernel->handle(Object(Illuminate\Http\Request))
#43 {main}  
[2016-03-29 14:25:04] local.ERROR: exception 'PDOException' with message 'SQLSTATE[23000]: Integrity constraint violation: 1452 Cannot add or update a child row: a foreign key constraint fails (`fincon`.`third_party_updates`, CONSTRAINT `third_party_updates_third_party_foreign` FOREIGN KEY (`third_party`) REFERENCES `third_parties` (`id`))' in C:\xampp\htdocs\fincon\api\vendor\laravel\framework\src\Illuminate\Database\Connection.php:358
Stack trace:
#0 C:\xampp\htdocs\fincon\api\vendor\laravel\framework\src\Illuminate\Database\Connection.php(358): PDOStatement->execute(Array)
#1 C:\xampp\htdocs\fincon\api\vendor\laravel\framework\src\Illuminate\Database\Connection.php(612): Illuminate\Database\Connection->Illuminate\Database\{closure}(Object(Illuminate\Database\MySqlConnection), 'insert into `th...', Array)
#2 C:\xampp\htdocs\fincon\api\vendor\laravel\framework\src\Illuminate\Database\Connection.php(576): Illuminate\Database\Connection->runQueryCallback('insert into `th...', Array, Object(Closure))
#3 C:\xampp\htdocs\fincon\api\vendor\laravel\framework\src\Illuminate\Database\Connection.php(359): Illuminate\Database\Connection->run('insert into `th...', Array, Object(Closure))
#4 C:\xampp\htdocs\fincon\api\vendor\laravel\framework\src\Illuminate\Database\Connection.php(316): Illuminate\Database\Connection->statement('insert into `th...', Array)
#5 C:\xampp\htdocs\fincon\api\vendor\laravel\framework\src\Illuminate\Database\Query\Processors\Processor.php(30): Illuminate\Database\Connection->insert('insert into `th...', Array)
#6 C:\xampp\htdocs\fincon\api\vendor\laravel\framework\src\Illuminate\Database\Query\Builder.php(1718): Illuminate\Database\Query\Processors\Processor->processInsertGetId(Object(Illuminate\Database\Query\Builder), 'insert into `th...', Array, 'id')
#7 [internal function]: Illuminate\Database\Query\Builder->insertGetId(Array, 'id')
#8 C:\xampp\htdocs\fincon\api\vendor\laravel\framework\src\Illuminate\Database\Eloquent\Builder.php(933): call_user_func_array(Array, Array)
#9 C:\xampp\htdocs\fincon\api\vendor\compiled.php(9807): Illuminate\Database\Eloquent\Builder->__call('insertGetId', Array)
#10 C:\xampp\htdocs\fincon\api\vendor\compiled.php(9807): Illuminate\Database\Eloquent\Builder->insertGetId(Array, 'id')
#11 C:\xampp\htdocs\fincon\api\vendor\compiled.php(9797): Illuminate\Database\Eloquent\Model->insertAndSetId(Object(Illuminate\Database\Eloquent\Builder), Array)
#12 C:\xampp\htdocs\fincon\api\vendor\compiled.php(9754): Illuminate\Database\Eloquent\Model->performInsert(Object(Illuminate\Database\Eloquent\Builder), Array)
#13 C:\xampp\htdocs\fincon\api\app\Http\Controllers\AccountsController.php(88): Illuminate\Database\Eloquent\Model->save()
#14 [internal function]: App\Http\Controllers\AccountsController->save_party()
#15 C:\xampp\htdocs\fincon\api\vendor\compiled.php(8287): call_user_func_array(Array, Array)
#16 C:\xampp\htdocs\fincon\api\vendor\compiled.php(8354): Illuminate\Routing\Controller->callAction('save_party', Array)
#17 C:\xampp\htdocs\fincon\api\vendor\compiled.php(8333): Illuminate\Routing\ControllerDispatcher->call(Object(App\Http\Controllers\AccountsController), Object(Illuminate\Routing\Route), 'save_party')
#18 [internal function]: Illuminate\Routing\ControllerDispatcher->Illuminate\Routing\{closure}(Object(Illuminate\Http\Request))
#19 C:\xampp\htdocs\fincon\api\vendor\compiled.php(8952): call_user_func(Object(Closure), Object(Illuminate\Http\Request))
#20 [internal function]: Illuminate\Pipeline\Pipeline->Illuminate\Pipeline\{closure}(Object(Illuminate\Http\Request))
#21 C:\xampp\htdocs\fincon\api\vendor\compiled.php(8935): call_user_func(Object(Closure), Object(Illuminate\Http\Request))
#22 C:\xampp\htdocs\fincon\api\vendor\compiled.php(8334): Illuminate\Pipeline\Pipeline->then(Object(Closure))
#23 C:\xampp\htdocs\fincon\api\vendor\compiled.php(8320): Illuminate\Routing\ControllerDispatcher->callWithinStack(Object(App\Http\Controllers\AccountsController), Object(Illuminate\Routing\Route), Object(Illuminate\Http\Request), 'save_party')
#24 C:\xampp\htdocs\fincon\api\vendor\compiled.php(7317): Illuminate\Routing\ControllerDispatcher->dispatch(Object(Illuminate\Routing\Route), Object(Illuminate\Http\Request), 'App\\Http\\Contro...', 'save_party')
#25 C:\xampp\htdocs\fincon\api\vendor\compiled.php(7288): Illuminate\Routing\Route->runWithCustomDispatcher(Object(Illuminate\Http\Request))
#26 C:\xampp\htdocs\fincon\api\vendor\compiled.php(6954): Illuminate\Routing\Route->run(Object(Illuminate\Http\Request))
#27 [internal function]: Illuminate\Routing\Router->Illuminate\Routing\{closure}(Object(Illuminate\Http\Request))
#28 C:\xampp\htdocs\fincon\api\vendor\compiled.php(8952): call_user_func(Object(Closure), Object(Illuminate\Http\Request))
#29 C:\xampp\htdocs\fincon\api\app\Http\Middleware\Auth.php(39): Illuminate\Pipeline\Pipeline->Illuminate\Pipeline\{closure}(Object(Illuminate\Http\Request))
#30 C:\xampp\htdocs\fincon\api\vendor\compiled.php(8944): App\Http\Middleware\Auth->handle(Object(Illuminate\Http\Request), Object(Closure))
#31 [internal function]: Illuminate\Pipeline\Pipeline->Illuminate\Pipeline\{closure}(Object(Illuminate\Http\Request))
#32 C:\xampp\htdocs\fincon\api\vendor\compiled.php(8935): call_user_func(Object(Closure), Object(Illuminate\Http\Request))
#33 C:\xampp\htdocs\fincon\api\vendor\compiled.php(6955): Illuminate\Pipeline\Pipeline->then(Object(Closure))
#34 C:\xampp\htdocs\fincon\api\vendor\compiled.php(6944): Illuminate\Routing\Router->runRouteWithinStack(Object(Illuminate\Routing\Route), Object(Illuminate\Http\Request))
#35 C:\xampp\htdocs\fincon\api\vendor\compiled.php(6929): Illuminate\Routing\Router->dispatchToRoute(Object(Illuminate\Http\Request))
#36 C:\xampp\htdocs\fincon\api\vendor\compiled.php(1935): Illuminate\Routing\Router->dispatch(Object(Illuminate\Http\Request))
#37 [internal function]: Illuminate\Foundation\Http\Kernel->Illuminate\Foundation\Http\{closure}(Object(Illuminate\Http\Request))
#38 C:\xampp\htdocs\fincon\api\vendor\compiled.php(8952): call_user_func(Object(Closure), Object(Illuminate\Http\Request))
#39 C:\xampp\htdocs\fincon\api\app\Http\Middleware\VerifyCsrfToken.php(18): Illuminate\Pipeline\Pipeline->Illuminate\Pipeline\{closure}(Object(Illuminate\Http\Request))
#40 C:\xampp\htdocs\fincon\api\vendor\compiled.php(8944): App\Http\Middleware\VerifyCsrfToken->handle(Object(Illuminate\Http\Request), Object(Closure))
#41 C:\xampp\htdocs\fincon\api\vendor\compiled.php(12083): Illuminate\Pipeline\Pipeline->Illuminate\Pipeline\{closure}(Object(Illuminate\Http\Request))
#42 C:\xampp\htdocs\fincon\api\vendor\compiled.php(8944): Illuminate\View\Middleware\ShareErrorsFromSession->handle(Object(Illuminate\Http\Request), Object(Closure))
#43 C:\xampp\htdocs\fincon\api\vendor\compiled.php(10785): Illuminate\Pipeline\Pipeline->Illuminate\Pipeline\{closure}(Object(Illuminate\Http\Request))
#44 C:\xampp\htdocs\fincon\api\vendor\compiled.php(8944): Illuminate\Session\Middleware\StartSession->handle(Object(Illuminate\Http\Request), Object(Closure))
#45 C:\xampp\htdocs\fincon\api\vendor\compiled.php(11789): Illuminate\Pipeline\Pipeline->Illuminate\Pipeline\{closure}(Object(Illuminate\Http\Request))
#46 C:\xampp\htdocs\fincon\api\vendor\compiled.php(8944): Illuminate\Cookie\Middleware\AddQueuedCookiesToResponse->handle(Object(Illuminate\Http\Request), Object(Closure))
#47 C:\xampp\htdocs\fincon\api\vendor\compiled.php(11738): Illuminate\Pipeline\Pipeline->Illuminate\Pipeline\{closure}(Object(Illuminate\Http\Request))
#48 C:\xampp\htdocs\fincon\api\vendor\compiled.php(8944): Illuminate\Cookie\Middleware\EncryptCookies->handle(Object(Illuminate\Http\Request), Object(Closure))
#49 C:\xampp\htdocs\fincon\api\vendor\compiled.php(2478): Illuminate\Pipeline\Pipeline->Illuminate\Pipeline\{closure}(Object(Illuminate\Http\Request))
#50 C:\xampp\htdocs\fincon\api\vendor\compiled.php(8944): Illuminate\Foundation\Http\Middleware\CheckForMaintenanceMode->handle(Object(Illuminate\Http\Request), Object(Closure))
#51 [internal function]: Illuminate\Pipeline\Pipeline->Illuminate\Pipeline\{closure}(Object(Illuminate\Http\Request))
#52 C:\xampp\htdocs\fincon\api\vendor\compiled.php(8935): call_user_func(Object(Closure), Object(Illuminate\Http\Request))
#53 C:\xampp\htdocs\fincon\api\vendor\compiled.php(1891): Illuminate\Pipeline\Pipeline->then(Object(Closure))
#54 C:\xampp\htdocs\fincon\api\vendor\compiled.php(1880): Illuminate\Foundation\Http\Kernel->sendRequestThroughRouter(Object(Illuminate\Http\Request))
#55 C:\xampp\htdocs\fincon\api\public\index.php(53): Illuminate\Foundation\Http\Kernel->handle(Object(Illuminate\Http\Request))
#56 {main}

Next exception 'Illuminate\Database\QueryException' with message 'SQLSTATE[23000]: Integrity constraint violation: 1452 Cannot add or update a child row: a foreign key constraint fails (`fincon`.`third_party_updates`, CONSTRAINT `third_party_updates_third_party_foreign` FOREIGN KEY (`third_party`) REFERENCES `third_parties` (`id`)) (SQL: insert into `third_party_updates` (`updated_by`, `name`, `description`, `type`, `active`, `updated_at`, `created_at`) values (3, Test, Test, 1, 1, 2016-03-29 14:25:04, 2016-03-29 14:25:04))' in C:\xampp\htdocs\fincon\api\vendor\laravel\framework\src\Illuminate\Database\Connection.php:620
Stack trace:
#0 C:\xampp\htdocs\fincon\api\vendor\laravel\framework\src\Illuminate\Database\Connection.php(576): Illuminate\Database\Connection->runQueryCallback('insert into `th...', Array, Object(Closure))
#1 C:\xampp\htdocs\fincon\api\vendor\laravel\framework\src\Illuminate\Database\Connection.php(359): Illuminate\Database\Connection->run('insert into `th...', Array, Object(Closure))
#2 C:\xampp\htdocs\fincon\api\vendor\laravel\framework\src\Illuminate\Database\Connection.php(316): Illuminate\Database\Connection->statement('insert into `th...', Array)
#3 C:\xampp\htdocs\fincon\api\vendor\laravel\framework\src\Illuminate\Database\Query\Processors\Processor.php(30): Illuminate\Database\Connection->insert('insert into `th...', Array)
#4 C:\xampp\htdocs\fincon\api\vendor\laravel\framework\src\Illuminate\Database\Query\Builder.php(1718): Illuminate\Database\Query\Processors\Processor->processInsertGetId(Object(Illuminate\Database\Query\Builder), 'insert into `th...', Array, 'id')
#5 [internal function]: Illuminate\Database\Query\Builder->insertGetId(Array, 'id')
#6 C:\xampp\htdocs\fincon\api\vendor\laravel\framework\src\Illuminate\Database\Eloquent\Builder.php(933): call_user_func_array(Array, Array)
#7 C:\xampp\htdocs\fincon\api\vendor\compiled.php(9807): Illuminate\Database\Eloquent\Builder->__call('insertGetId', Array)
#8 C:\xampp\htdocs\fincon\api\vendor\compiled.php(9807): Illuminate\Database\Eloquent\Builder->insertGetId(Array, 'id')
#9 C:\xampp\htdocs\fincon\api\vendor\compiled.php(9797): Illuminate\Database\Eloquent\Model->insertAndSetId(Object(Illuminate\Database\Eloquent\Builder), Array)
#10 C:\xampp\htdocs\fincon\api\vendor\compiled.php(9754): Illuminate\Database\Eloquent\Model->performInsert(Object(Illuminate\Database\Eloquent\Builder), Array)
#11 C:\xampp\htdocs\fincon\api\app\Http\Controllers\AccountsController.php(88): Illuminate\Database\Eloquent\Model->save()
#12 [internal function]: App\Http\Controllers\AccountsController->save_party()
#13 C:\xampp\htdocs\fincon\api\vendor\compiled.php(8287): call_user_func_array(Array, Array)
#14 C:\xampp\htdocs\fincon\api\vendor\compiled.php(8354): Illuminate\Routing\Controller->callAction('save_party', Array)
#15 C:\xampp\htdocs\fincon\api\vendor\compiled.php(8333): Illuminate\Routing\ControllerDispatcher->call(Object(App\Http\Controllers\AccountsController), Object(Illuminate\Routing\Route), 'save_party')
#16 [internal function]: Illuminate\Routing\ControllerDispatcher->Illuminate\Routing\{closure}(Object(Illuminate\Http\Request))
#17 C:\xampp\htdocs\fincon\api\vendor\compiled.php(8952): call_user_func(Object(Closure), Object(Illuminate\Http\Request))
#18 [internal function]: Illuminate\Pipeline\Pipeline->Illuminate\Pipeline\{closure}(Object(Illuminate\Http\Request))
#19 C:\xampp\htdocs\fincon\api\vendor\compiled.php(8935): call_user_func(Object(Closure), Object(Illuminate\Http\Request))
#20 C:\xampp\htdocs\fincon\api\vendor\compiled.php(8334): Illuminate\Pipeline\Pipeline->then(Object(Closure))
#21 C:\xampp\htdocs\fincon\api\vendor\compiled.php(8320): Illuminate\Routing\ControllerDispatcher->callWithinStack(Object(App\Http\Controllers\AccountsController), Object(Illuminate\Routing\Route), Object(Illuminate\Http\Request), 'save_party')
#22 C:\xampp\htdocs\fincon\api\vendor\compiled.php(7317): Illuminate\Routing\ControllerDispatcher->dispatch(Object(Illuminate\Routing\Route), Object(Illuminate\Http\Request), 'App\\Http\\Contro...', 'save_party')
#23 C:\xampp\htdocs\fincon\api\vendor\compiled.php(7288): Illuminate\Routing\Route->runWithCustomDispatcher(Object(Illuminate\Http\Request))
#24 C:\xampp\htdocs\fincon\api\vendor\compiled.php(6954): Illuminate\Routing\Route->run(Object(Illuminate\Http\Request))
#25 [internal function]: Illuminate\Routing\Router->Illuminate\Routing\{closure}(Object(Illuminate\Http\Request))
#26 C:\xampp\htdocs\fincon\api\vendor\compiled.php(8952): call_user_func(Object(Closure), Object(Illuminate\Http\Request))
#27 C:\xampp\htdocs\fincon\api\app\Http\Middleware\Auth.php(39): Illuminate\Pipeline\Pipeline->Illuminate\Pipeline\{closure}(Object(Illuminate\Http\Request))
#28 C:\xampp\htdocs\fincon\api\vendor\compiled.php(8944): App\Http\Middleware\Auth->handle(Object(Illuminate\Http\Request), Object(Closure))
#29 [internal function]: Illuminate\Pipeline\Pipeline->Illuminate\Pipeline\{closure}(Object(Illuminate\Http\Request))
#30 C:\xampp\htdocs\fincon\api\vendor\compiled.php(8935): call_user_func(Object(Closure), Object(Illuminate\Http\Request))
#31 C:\xampp\htdocs\fincon\api\vendor\compiled.php(6955): Illuminate\Pipeline\Pipeline->then(Object(Closure))
#32 C:\xampp\htdocs\fincon\api\vendor\compiled.php(6944): Illuminate\Routing\Router->runRouteWithinStack(Object(Illuminate\Routing\Route), Object(Illuminate\Http\Request))
#33 C:\xampp\htdocs\fincon\api\vendor\compiled.php(6929): Illuminate\Routing\Router->dispatchToRoute(Object(Illuminate\Http\Request))
#34 C:\xampp\htdocs\fincon\api\vendor\compiled.php(1935): Illuminate\Routing\Router->dispatch(Object(Illuminate\Http\Request))
#35 [internal function]: Illuminate\Foundation\Http\Kernel->Illuminate\Foundation\Http\{closure}(Object(Illuminate\Http\Request))
#36 C:\xampp\htdocs\fincon\api\vendor\compiled.php(8952): call_user_func(Object(Closure), Object(Illuminate\Http\Request))
#37 C:\xampp\htdocs\fincon\api\app\Http\Middleware\VerifyCsrfToken.php(18): Illuminate\Pipeline\Pipeline->Illuminate\Pipeline\{closure}(Object(Illuminate\Http\Request))
#38 C:\xampp\htdocs\fincon\api\vendor\compiled.php(8944): App\Http\Middleware\VerifyCsrfToken->handle(Object(Illuminate\Http\Request), Object(Closure))
#39 C:\xampp\htdocs\fincon\api\vendor\compiled.php(12083): Illuminate\Pipeline\Pipeline->Illuminate\Pipeline\{closure}(Object(Illuminate\Http\Request))
#40 C:\xampp\htdocs\fincon\api\vendor\compiled.php(8944): Illuminate\View\Middleware\ShareErrorsFromSession->handle(Object(Illuminate\Http\Request), Object(Closure))
#41 C:\xampp\htdocs\fincon\api\vendor\compiled.php(10785): Illuminate\Pipeline\Pipeline->Illuminate\Pipeline\{closure}(Object(Illuminate\Http\Request))
#42 C:\xampp\htdocs\fincon\api\vendor\compiled.php(8944): Illuminate\Session\Middleware\StartSession->handle(Object(Illuminate\Http\Request), Object(Closure))
#43 C:\xampp\htdocs\fincon\api\vendor\compiled.php(11789): Illuminate\Pipeline\Pipeline->Illuminate\Pipeline\{closure}(Object(Illuminate\Http\Request))
#44 C:\xampp\htdocs\fincon\api\vendor\compiled.php(8944): Illuminate\Cookie\Middleware\AddQueuedCookiesToResponse->handle(Object(Illuminate\Http\Request), Object(Closure))
#45 C:\xampp\htdocs\fincon\api\vendor\compiled.php(11738): Illuminate\Pipeline\Pipeline->Illuminate\Pipeline\{closure}(Object(Illuminate\Http\Request))
#46 C:\xampp\htdocs\fincon\api\vendor\compiled.php(8944): Illuminate\Cookie\Middleware\EncryptCookies->handle(Object(Illuminate\Http\Request), Object(Closure))
#47 C:\xampp\htdocs\fincon\api\vendor\compiled.php(2478): Illuminate\Pipeline\Pipeline->Illuminate\Pipeline\{closure}(Object(Illuminate\Http\Request))
#48 C:\xampp\htdocs\fincon\api\vendor\compiled.php(8944): Illuminate\Foundation\Http\Middleware\CheckForMaintenanceMode->handle(Object(Illuminate\Http\Request), Object(Closure))
#49 [internal function]: Illuminate\Pipeline\Pipeline->Illuminate\Pipeline\{closure}(Object(Illuminate\Http\Request))
#50 C:\xampp\htdocs\fincon\api\vendor\compiled.php(8935): call_user_func(Object(Closure), Object(Illuminate\Http\Request))
#51 C:\xampp\htdocs\fincon\api\vendor\compiled.php(1891): Illuminate\Pipeline\Pipeline->then(Object(Closure))
#52 C:\xampp\htdocs\fincon\api\vendor\compiled.php(1880): Illuminate\Foundation\Http\Kernel->sendRequestThroughRouter(Object(Illuminate\Http\Request))
#53 C:\xampp\htdocs\fincon\api\public\index.php(53): Illuminate\Foundation\Http\Kernel->handle(Object(Illuminate\Http\Request))
#54 {main}  
[2016-03-29 14:26:10] local.ERROR: exception 'ErrorException' with message 'Creating default object from empty value' in C:\xampp\htdocs\fincon\api\app\Http\Controllers\AccountsController.php:92
Stack trace:
#0 C:\xampp\htdocs\fincon\api\app\Http\Controllers\AccountsController.php(92): Illuminate\Foundation\Bootstrap\HandleExceptions->handleError(2, 'Creating defaul...', 'C:\\xampp\\htdocs...', 92, Array)
#1 [internal function]: App\Http\Controllers\AccountsController->save_party()
#2 C:\xampp\htdocs\fincon\api\vendor\compiled.php(8287): call_user_func_array(Array, Array)
#3 C:\xampp\htdocs\fincon\api\vendor\compiled.php(8354): Illuminate\Routing\Controller->callAction('save_party', Array)
#4 C:\xampp\htdocs\fincon\api\vendor\compiled.php(8333): Illuminate\Routing\ControllerDispatcher->call(Object(App\Http\Controllers\AccountsController), Object(Illuminate\Routing\Route), 'save_party')
#5 [internal function]: Illuminate\Routing\ControllerDispatcher->Illuminate\Routing\{closure}(Object(Illuminate\Http\Request))
#6 C:\xampp\htdocs\fincon\api\vendor\compiled.php(8952): call_user_func(Object(Closure), Object(Illuminate\Http\Request))
#7 [internal function]: Illuminate\Pipeline\Pipeline->Illuminate\Pipeline\{closure}(Object(Illuminate\Http\Request))
#8 C:\xampp\htdocs\fincon\api\vendor\compiled.php(8935): call_user_func(Object(Closure), Object(Illuminate\Http\Request))
#9 C:\xampp\htdocs\fincon\api\vendor\compiled.php(8334): Illuminate\Pipeline\Pipeline->then(Object(Closure))
#10 C:\xampp\htdocs\fincon\api\vendor\compiled.php(8320): Illuminate\Routing\ControllerDispatcher->callWithinStack(Object(App\Http\Controllers\AccountsController), Object(Illuminate\Routing\Route), Object(Illuminate\Http\Request), 'save_party')
#11 C:\xampp\htdocs\fincon\api\vendor\compiled.php(7317): Illuminate\Routing\ControllerDispatcher->dispatch(Object(Illuminate\Routing\Route), Object(Illuminate\Http\Request), 'App\\Http\\Contro...', 'save_party')
#12 C:\xampp\htdocs\fincon\api\vendor\compiled.php(7288): Illuminate\Routing\Route->runWithCustomDispatcher(Object(Illuminate\Http\Request))
#13 C:\xampp\htdocs\fincon\api\vendor\compiled.php(6954): Illuminate\Routing\Route->run(Object(Illuminate\Http\Request))
#14 [internal function]: Illuminate\Routing\Router->Illuminate\Routing\{closure}(Object(Illuminate\Http\Request))
#15 C:\xampp\htdocs\fincon\api\vendor\compiled.php(8952): call_user_func(Object(Closure), Object(Illuminate\Http\Request))
#16 C:\xampp\htdocs\fincon\api\app\Http\Middleware\Auth.php(39): Illuminate\Pipeline\Pipeline->Illuminate\Pipeline\{closure}(Object(Illuminate\Http\Request))
#17 C:\xampp\htdocs\fincon\api\vendor\compiled.php(8944): App\Http\Middleware\Auth->handle(Object(Illuminate\Http\Request), Object(Closure))
#18 [internal function]: Illuminate\Pipeline\Pipeline->Illuminate\Pipeline\{closure}(Object(Illuminate\Http\Request))
#19 C:\xampp\htdocs\fincon\api\vendor\compiled.php(8935): call_user_func(Object(Closure), Object(Illuminate\Http\Request))
#20 C:\xampp\htdocs\fincon\api\vendor\compiled.php(6955): Illuminate\Pipeline\Pipeline->then(Object(Closure))
#21 C:\xampp\htdocs\fincon\api\vendor\compiled.php(6944): Illuminate\Routing\Router->runRouteWithinStack(Object(Illuminate\Routing\Route), Object(Illuminate\Http\Request))
#22 C:\xampp\htdocs\fincon\api\vendor\compiled.php(6929): Illuminate\Routing\Router->dispatchToRoute(Object(Illuminate\Http\Request))
#23 C:\xampp\htdocs\fincon\api\vendor\compiled.php(1935): Illuminate\Routing\Router->dispatch(Object(Illuminate\Http\Request))
#24 [internal function]: Illuminate\Foundation\Http\Kernel->Illuminate\Foundation\Http\{closure}(Object(Illuminate\Http\Request))
#25 C:\xampp\htdocs\fincon\api\vendor\compiled.php(8952): call_user_func(Object(Closure), Object(Illuminate\Http\Request))
#26 C:\xampp\htdocs\fincon\api\app\Http\Middleware\VerifyCsrfToken.php(18): Illuminate\Pipeline\Pipeline->Illuminate\Pipeline\{closure}(Object(Illuminate\Http\Request))
#27 C:\xampp\htdocs\fincon\api\vendor\compiled.php(8944): App\Http\Middleware\VerifyCsrfToken->handle(Object(Illuminate\Http\Request), Object(Closure))
#28 C:\xampp\htdocs\fincon\api\vendor\compiled.php(12083): Illuminate\Pipeline\Pipeline->Illuminate\Pipeline\{closure}(Object(Illuminate\Http\Request))
#29 C:\xampp\htdocs\fincon\api\vendor\compiled.php(8944): Illuminate\View\Middleware\ShareErrorsFromSession->handle(Object(Illuminate\Http\Request), Object(Closure))
#30 C:\xampp\htdocs\fincon\api\vendor\compiled.php(10785): Illuminate\Pipeline\Pipeline->Illuminate\Pipeline\{closure}(Object(Illuminate\Http\Request))
#31 C:\xampp\htdocs\fincon\api\vendor\compiled.php(8944): Illuminate\Session\Middleware\StartSession->handle(Object(Illuminate\Http\Request), Object(Closure))
#32 C:\xampp\htdocs\fincon\api\vendor\compiled.php(11789): Illuminate\Pipeline\Pipeline->Illuminate\Pipeline\{closure}(Object(Illuminate\Http\Request))
#33 C:\xampp\htdocs\fincon\api\vendor\compiled.php(8944): Illuminate\Cookie\Middleware\AddQueuedCookiesToResponse->handle(Object(Illuminate\Http\Request), Object(Closure))
#34 C:\xampp\htdocs\fincon\api\vendor\compiled.php(11738): Illuminate\Pipeline\Pipeline->Illuminate\Pipeline\{closure}(Object(Illuminate\Http\Request))
#35 C:\xampp\htdocs\fincon\api\vendor\compiled.php(8944): Illuminate\Cookie\Middleware\EncryptCookies->handle(Object(Illuminate\Http\Request), Object(Closure))
#36 C:\xampp\htdocs\fincon\api\vendor\compiled.php(2478): Illuminate\Pipeline\Pipeline->Illuminate\Pipeline\{closure}(Object(Illuminate\Http\Request))
#37 C:\xampp\htdocs\fincon\api\vendor\compiled.php(8944): Illuminate\Foundation\Http\Middleware\CheckForMaintenanceMode->handle(Object(Illuminate\Http\Request), Object(Closure))
#38 [internal function]: Illuminate\Pipeline\Pipeline->Illuminate\Pipeline\{closure}(Object(Illuminate\Http\Request))
#39 C:\xampp\htdocs\fincon\api\vendor\compiled.php(8935): call_user_func(Object(Closure), Object(Illuminate\Http\Request))
#40 C:\xampp\htdocs\fincon\api\vendor\compiled.php(1891): Illuminate\Pipeline\Pipeline->then(Object(Closure))
#41 C:\xampp\htdocs\fincon\api\vendor\compiled.php(1880): Illuminate\Foundation\Http\Kernel->sendRequestThroughRouter(Object(Illuminate\Http\Request))
#42 C:\xampp\htdocs\fincon\api\public\index.php(53): Illuminate\Foundation\Http\Kernel->handle(Object(Illuminate\Http\Request))
#43 {main}  
[2016-03-29 15:01:58] local.ERROR: exception 'PDOException' with message 'SQLSTATE[42S22]: Column not found: 1054 Unknown column 'company' in 'where clause'' in C:\xampp\htdocs\fincon\api\vendor\laravel\framework\src\Illuminate\Database\Connection.php:288
Stack trace:
#0 C:\xampp\htdocs\fincon\api\vendor\laravel\framework\src\Illuminate\Database\Connection.php(288): PDO->prepare('select * from `...')
#1 C:\xampp\htdocs\fincon\api\vendor\laravel\framework\src\Illuminate\Database\Connection.php(612): Illuminate\Database\Connection->Illuminate\Database\{closure}(Object(Illuminate\Database\MySqlConnection), 'select * from `...', Array)
#2 C:\xampp\htdocs\fincon\api\vendor\laravel\framework\src\Illuminate\Database\Connection.php(576): Illuminate\Database\Connection->runQueryCallback('select * from `...', Array, Object(Closure))
#3 C:\xampp\htdocs\fincon\api\vendor\laravel\framework\src\Illuminate\Database\Connection.php(293): Illuminate\Database\Connection->run('select * from `...', Array, Object(Closure))
#4 C:\xampp\htdocs\fincon\api\vendor\laravel\framework\src\Illuminate\Database\Query\Builder.php(1377): Illuminate\Database\Connection->select('select * from `...', Array, true)
#5 C:\xampp\htdocs\fincon\api\vendor\laravel\framework\src\Illuminate\Database\Query\Builder.php(1367): Illuminate\Database\Query\Builder->runSelect()
#6 C:\xampp\htdocs\fincon\api\vendor\laravel\framework\src\Illuminate\Database\Query\Builder.php(1354): Illuminate\Database\Query\Builder->getFresh(Array)
#7 C:\xampp\htdocs\fincon\api\vendor\laravel\framework\src\Illuminate\Database\Eloquent\Builder.php(380): Illuminate\Database\Query\Builder->get(Array)
#8 C:\xampp\htdocs\fincon\api\vendor\laravel\framework\src\Illuminate\Database\Eloquent\Builder.php(162): Illuminate\Database\Eloquent\Builder->getModels(Array)
#9 C:\xampp\htdocs\fincon\api\app\Http\Controllers\AccountsController.php(139): Illuminate\Database\Eloquent\Builder->get()
#10 [internal function]: App\Http\Controllers\AccountsController->get_sources()
#11 C:\xampp\htdocs\fincon\api\vendor\compiled.php(8287): call_user_func_array(Array, Array)
#12 C:\xampp\htdocs\fincon\api\vendor\compiled.php(8354): Illuminate\Routing\Controller->callAction('get_sources', Array)
#13 C:\xampp\htdocs\fincon\api\vendor\compiled.php(8333): Illuminate\Routing\ControllerDispatcher->call(Object(App\Http\Controllers\AccountsController), Object(Illuminate\Routing\Route), 'get_sources')
#14 [internal function]: Illuminate\Routing\ControllerDispatcher->Illuminate\Routing\{closure}(Object(Illuminate\Http\Request))
#15 C:\xampp\htdocs\fincon\api\vendor\compiled.php(8952): call_user_func(Object(Closure), Object(Illuminate\Http\Request))
#16 [internal function]: Illuminate\Pipeline\Pipeline->Illuminate\Pipeline\{closure}(Object(Illuminate\Http\Request))
#17 C:\xampp\htdocs\fincon\api\vendor\compiled.php(8935): call_user_func(Object(Closure), Object(Illuminate\Http\Request))
#18 C:\xampp\htdocs\fincon\api\vendor\compiled.php(8334): Illuminate\Pipeline\Pipeline->then(Object(Closure))
#19 C:\xampp\htdocs\fincon\api\vendor\compiled.php(8320): Illuminate\Routing\ControllerDispatcher->callWithinStack(Object(App\Http\Controllers\AccountsController), Object(Illuminate\Routing\Route), Object(Illuminate\Http\Request), 'get_sources')
#20 C:\xampp\htdocs\fincon\api\vendor\compiled.php(7317): Illuminate\Routing\ControllerDispatcher->dispatch(Object(Illuminate\Routing\Route), Object(Illuminate\Http\Request), 'App\\Http\\Contro...', 'get_sources')
#21 C:\xampp\htdocs\fincon\api\vendor\compiled.php(7288): Illuminate\Routing\Route->runWithCustomDispatcher(Object(Illuminate\Http\Request))
#22 C:\xampp\htdocs\fincon\api\vendor\compiled.php(6954): Illuminate\Routing\Route->run(Object(Illuminate\Http\Request))
#23 [internal function]: Illuminate\Routing\Router->Illuminate\Routing\{closure}(Object(Illuminate\Http\Request))
#24 C:\xampp\htdocs\fincon\api\vendor\compiled.php(8952): call_user_func(Object(Closure), Object(Illuminate\Http\Request))
#25 C:\xampp\htdocs\fincon\api\app\Http\Middleware\Auth.php(39): Illuminate\Pipeline\Pipeline->Illuminate\Pipeline\{closure}(Object(Illuminate\Http\Request))
#26 C:\xampp\htdocs\fincon\api\vendor\compiled.php(8944): App\Http\Middleware\Auth->handle(Object(Illuminate\Http\Request), Object(Closure))
#27 [internal function]: Illuminate\Pipeline\Pipeline->Illuminate\Pipeline\{closure}(Object(Illuminate\Http\Request))
#28 C:\xampp\htdocs\fincon\api\vendor\compiled.php(8935): call_user_func(Object(Closure), Object(Illuminate\Http\Request))
#29 C:\xampp\htdocs\fincon\api\vendor\compiled.php(6955): Illuminate\Pipeline\Pipeline->then(Object(Closure))
#30 C:\xampp\htdocs\fincon\api\vendor\compiled.php(6944): Illuminate\Routing\Router->runRouteWithinStack(Object(Illuminate\Routing\Route), Object(Illuminate\Http\Request))
#31 C:\xampp\htdocs\fincon\api\vendor\compiled.php(6929): Illuminate\Routing\Router->dispatchToRoute(Object(Illuminate\Http\Request))
#32 C:\xampp\htdocs\fincon\api\vendor\compiled.php(1935): Illuminate\Routing\Router->dispatch(Object(Illuminate\Http\Request))
#33 [internal function]: Illuminate\Foundation\Http\Kernel->Illuminate\Foundation\Http\{closure}(Object(Illuminate\Http\Request))
#34 C:\xampp\htdocs\fincon\api\vendor\compiled.php(8952): call_user_func(Object(Closure), Object(Illuminate\Http\Request))
#35 C:\xampp\htdocs\fincon\api\app\Http\Middleware\VerifyCsrfToken.php(18): Illuminate\Pipeline\Pipeline->Illuminate\Pipeline\{closure}(Object(Illuminate\Http\Request))
#36 C:\xampp\htdocs\fincon\api\vendor\compiled.php(8944): App\Http\Middleware\VerifyCsrfToken->handle(Object(Illuminate\Http\Request), Object(Closure))
#37 C:\xampp\htdocs\fincon\api\vendor\compiled.php(12083): Illuminate\Pipeline\Pipeline->Illuminate\Pipeline\{closure}(Object(Illuminate\Http\Request))
#38 C:\xampp\htdocs\fincon\api\vendor\compiled.php(8944): Illuminate\View\Middleware\ShareErrorsFromSession->handle(Object(Illuminate\Http\Request), Object(Closure))
#39 C:\xampp\htdocs\fincon\api\vendor\compiled.php(10785): Illuminate\Pipeline\Pipeline->Illuminate\Pipeline\{closure}(Object(Illuminate\Http\Request))
#40 C:\xampp\htdocs\fincon\api\vendor\compiled.php(8944): Illuminate\Session\Middleware\StartSession->handle(Object(Illuminate\Http\Request), Object(Closure))
#41 C:\xampp\htdocs\fincon\api\vendor\compiled.php(11789): Illuminate\Pipeline\Pipeline->Illuminate\Pipeline\{closure}(Object(Illuminate\Http\Request))
#42 C:\xampp\htdocs\fincon\api\vendor\compiled.php(8944): Illuminate\Cookie\Middleware\AddQueuedCookiesToResponse->handle(Object(Illuminate\Http\Request), Object(Closure))
#43 C:\xampp\htdocs\fincon\api\vendor\compiled.php(11738): Illuminate\Pipeline\Pipeline->Illuminate\Pipeline\{closure}(Object(Illuminate\Http\Request))
#44 C:\xampp\htdocs\fincon\api\vendor\compiled.php(8944): Illuminate\Cookie\Middleware\EncryptCookies->handle(Object(Illuminate\Http\Request), Object(Closure))
#45 C:\xampp\htdocs\fincon\api\vendor\compiled.php(2478): Illuminate\Pipeline\Pipeline->Illuminate\Pipeline\{closure}(Object(Illuminate\Http\Request))
#46 C:\xampp\htdocs\fincon\api\vendor\compiled.php(8944): Illuminate\Foundation\Http\Middleware\CheckForMaintenanceMode->handle(Object(Illuminate\Http\Request), Object(Closure))
#47 [internal function]: Illuminate\Pipeline\Pipeline->Illuminate\Pipeline\{closure}(Object(Illuminate\Http\Request))
#48 C:\xampp\htdocs\fincon\api\vendor\compiled.php(8935): call_user_func(Object(Closure), Object(Illuminate\Http\Request))
#49 C:\xampp\htdocs\fincon\api\vendor\compiled.php(1891): Illuminate\Pipeline\Pipeline->then(Object(Closure))
#50 C:\xampp\htdocs\fincon\api\vendor\compiled.php(1880): Illuminate\Foundation\Http\Kernel->sendRequestThroughRouter(Object(Illuminate\Http\Request))
#51 C:\xampp\htdocs\fincon\api\public\index.php(53): Illuminate\Foundation\Http\Kernel->handle(Object(Illuminate\Http\Request))
#52 {main}

Next exception 'Illuminate\Database\QueryException' with message 'SQLSTATE[42S22]: Column not found: 1054 Unknown column 'company' in 'where clause' (SQL: select * from `sources` where `company` = 2 order by `id` asc)' in C:\xampp\htdocs\fincon\api\vendor\laravel\framework\src\Illuminate\Database\Connection.php:620
Stack trace:
#0 C:\xampp\htdocs\fincon\api\vendor\laravel\framework\src\Illuminate\Database\Connection.php(576): Illuminate\Database\Connection->runQueryCallback('select * from `...', Array, Object(Closure))
#1 C:\xampp\htdocs\fincon\api\vendor\laravel\framework\src\Illuminate\Database\Connection.php(293): Illuminate\Database\Connection->run('select * from `...', Array, Object(Closure))
#2 C:\xampp\htdocs\fincon\api\vendor\laravel\framework\src\Illuminate\Database\Query\Builder.php(1377): Illuminate\Database\Connection->select('select * from `...', Array, true)
#3 C:\xampp\htdocs\fincon\api\vendor\laravel\framework\src\Illuminate\Database\Query\Builder.php(1367): Illuminate\Database\Query\Builder->runSelect()
#4 C:\xampp\htdocs\fincon\api\vendor\laravel\framework\src\Illuminate\Database\Query\Builder.php(1354): Illuminate\Database\Query\Builder->getFresh(Array)
#5 C:\xampp\htdocs\fincon\api\vendor\laravel\framework\src\Illuminate\Database\Eloquent\Builder.php(380): Illuminate\Database\Query\Builder->get(Array)
#6 C:\xampp\htdocs\fincon\api\vendor\laravel\framework\src\Illuminate\Database\Eloquent\Builder.php(162): Illuminate\Database\Eloquent\Builder->getModels(Array)
#7 C:\xampp\htdocs\fincon\api\app\Http\Controllers\AccountsController.php(139): Illuminate\Database\Eloquent\Builder->get()
#8 [internal function]: App\Http\Controllers\AccountsController->get_sources()
#9 C:\xampp\htdocs\fincon\api\vendor\compiled.php(8287): call_user_func_array(Array, Array)
#10 C:\xampp\htdocs\fincon\api\vendor\compiled.php(8354): Illuminate\Routing\Controller->callAction('get_sources', Array)
#11 C:\xampp\htdocs\fincon\api\vendor\compiled.php(8333): Illuminate\Routing\ControllerDispatcher->call(Object(App\Http\Controllers\AccountsController), Object(Illuminate\Routing\Route), 'get_sources')
#12 [internal function]: Illuminate\Routing\ControllerDispatcher->Illuminate\Routing\{closure}(Object(Illuminate\Http\Request))
#13 C:\xampp\htdocs\fincon\api\vendor\compiled.php(8952): call_user_func(Object(Closure), Object(Illuminate\Http\Request))
#14 [internal function]: Illuminate\Pipeline\Pipeline->Illuminate\Pipeline\{closure}(Object(Illuminate\Http\Request))
#15 C:\xampp\htdocs\fincon\api\vendor\compiled.php(8935): call_user_func(Object(Closure), Object(Illuminate\Http\Request))
#16 C:\xampp\htdocs\fincon\api\vendor\compiled.php(8334): Illuminate\Pipeline\Pipeline->then(Object(Closure))
#17 C:\xampp\htdocs\fincon\api\vendor\compiled.php(8320): Illuminate\Routing\ControllerDispatcher->callWithinStack(Object(App\Http\Controllers\AccountsController), Object(Illuminate\Routing\Route), Object(Illuminate\Http\Request), 'get_sources')
#18 C:\xampp\htdocs\fincon\api\vendor\compiled.php(7317): Illuminate\Routing\ControllerDispatcher->dispatch(Object(Illuminate\Routing\Route), Object(Illuminate\Http\Request), 'App\\Http\\Contro...', 'get_sources')
#19 C:\xampp\htdocs\fincon\api\vendor\compiled.php(7288): Illuminate\Routing\Route->runWithCustomDispatcher(Object(Illuminate\Http\Request))
#20 C:\xampp\htdocs\fincon\api\vendor\compiled.php(6954): Illuminate\Routing\Route->run(Object(Illuminate\Http\Request))
#21 [internal function]: Illuminate\Routing\Router->Illuminate\Routing\{closure}(Object(Illuminate\Http\Request))
#22 C:\xampp\htdocs\fincon\api\vendor\compiled.php(8952): call_user_func(Object(Closure), Object(Illuminate\Http\Request))
#23 C:\xampp\htdocs\fincon\api\app\Http\Middleware\Auth.php(39): Illuminate\Pipeline\Pipeline->Illuminate\Pipeline\{closure}(Object(Illuminate\Http\Request))
#24 C:\xampp\htdocs\fincon\api\vendor\compiled.php(8944): App\Http\Middleware\Auth->handle(Object(Illuminate\Http\Request), Object(Closure))
#25 [internal function]: Illuminate\Pipeline\Pipeline->Illuminate\Pipeline\{closure}(Object(Illuminate\Http\Request))
#26 C:\xampp\htdocs\fincon\api\vendor\compiled.php(8935): call_user_func(Object(Closure), Object(Illuminate\Http\Request))
#27 C:\xampp\htdocs\fincon\api\vendor\compiled.php(6955): Illuminate\Pipeline\Pipeline->then(Object(Closure))
#28 C:\xampp\htdocs\fincon\api\vendor\compiled.php(6944): Illuminate\Routing\Router->runRouteWithinStack(Object(Illuminate\Routing\Route), Object(Illuminate\Http\Request))
#29 C:\xampp\htdocs\fincon\api\vendor\compiled.php(6929): Illuminate\Routing\Router->dispatchToRoute(Object(Illuminate\Http\Request))
#30 C:\xampp\htdocs\fincon\api\vendor\compiled.php(1935): Illuminate\Routing\Router->dispatch(Object(Illuminate\Http\Request))
#31 [internal function]: Illuminate\Foundation\Http\Kernel->Illuminate\Foundation\Http\{closure}(Object(Illuminate\Http\Request))
#32 C:\xampp\htdocs\fincon\api\vendor\compiled.php(8952): call_user_func(Object(Closure), Object(Illuminate\Http\Request))
#33 C:\xampp\htdocs\fincon\api\app\Http\Middleware\VerifyCsrfToken.php(18): Illuminate\Pipeline\Pipeline->Illuminate\Pipeline\{closure}(Object(Illuminate\Http\Request))
#34 C:\xampp\htdocs\fincon\api\vendor\compiled.php(8944): App\Http\Middleware\VerifyCsrfToken->handle(Object(Illuminate\Http\Request), Object(Closure))
#35 C:\xampp\htdocs\fincon\api\vendor\compiled.php(12083): Illuminate\Pipeline\Pipeline->Illuminate\Pipeline\{closure}(Object(Illuminate\Http\Request))
#36 C:\xampp\htdocs\fincon\api\vendor\compiled.php(8944): Illuminate\View\Middleware\ShareErrorsFromSession->handle(Object(Illuminate\Http\Request), Object(Closure))
#37 C:\xampp\htdocs\fincon\api\vendor\compiled.php(10785): Illuminate\Pipeline\Pipeline->Illuminate\Pipeline\{closure}(Object(Illuminate\Http\Request))
#38 C:\xampp\htdocs\fincon\api\vendor\compiled.php(8944): Illuminate\Session\Middleware\StartSession->handle(Object(Illuminate\Http\Request), Object(Closure))
#39 C:\xampp\htdocs\fincon\api\vendor\compiled.php(11789): Illuminate\Pipeline\Pipeline->Illuminate\Pipeline\{closure}(Object(Illuminate\Http\Request))
#40 C:\xampp\htdocs\fincon\api\vendor\compiled.php(8944): Illuminate\Cookie\Middleware\AddQueuedCookiesToResponse->handle(Object(Illuminate\Http\Request), Object(Closure))
#41 C:\xampp\htdocs\fincon\api\vendor\compiled.php(11738): Illuminate\Pipeline\Pipeline->Illuminate\Pipeline\{closure}(Object(Illuminate\Http\Request))
#42 C:\xampp\htdocs\fincon\api\vendor\compiled.php(8944): Illuminate\Cookie\Middleware\EncryptCookies->handle(Object(Illuminate\Http\Request), Object(Closure))
#43 C:\xampp\htdocs\fincon\api\vendor\compiled.php(2478): Illuminate\Pipeline\Pipeline->Illuminate\Pipeline\{closure}(Object(Illuminate\Http\Request))
#44 C:\xampp\htdocs\fincon\api\vendor\compiled.php(8944): Illuminate\Foundation\Http\Middleware\CheckForMaintenanceMode->handle(Object(Illuminate\Http\Request), Object(Closure))
#45 [internal function]: Illuminate\Pipeline\Pipeline->Illuminate\Pipeline\{closure}(Object(Illuminate\Http\Request))
#46 C:\xampp\htdocs\fincon\api\vendor\compiled.php(8935): call_user_func(Object(Closure), Object(Illuminate\Http\Request))
#47 C:\xampp\htdocs\fincon\api\vendor\compiled.php(1891): Illuminate\Pipeline\Pipeline->then(Object(Closure))
#48 C:\xampp\htdocs\fincon\api\vendor\compiled.php(1880): Illuminate\Foundation\Http\Kernel->sendRequestThroughRouter(Object(Illuminate\Http\Request))
#49 C:\xampp\htdocs\fincon\api\public\index.php(53): Illuminate\Foundation\Http\Kernel->handle(Object(Illuminate\Http\Request))
#50 {main}  
[2016-03-29 17:59:20] local.ERROR: exception 'PDOException' with message 'SQLSTATE[HY000] [2002] No connection could be made because the target machine actively refused it.
' in C:\xampp\htdocs\fincon\api\vendor\laravel\framework\src\Illuminate\Database\Connectors\Connector.php:47
Stack trace:
#0 C:\xampp\htdocs\fincon\api\vendor\laravel\framework\src\Illuminate\Database\Connectors\Connector.php(47): PDO->__construct('mysql:host=loca...', 'root', '', Array)
#1 C:\xampp\htdocs\fincon\api\vendor\laravel\framework\src\Illuminate\Database\Connectors\MySqlConnector.php(20): Illuminate\Database\Connectors\Connector->createConnection('mysql:host=loca...', Array, Array)
#2 C:\xampp\htdocs\fincon\api\vendor\compiled.php(10673): Illuminate\Database\Connectors\MySqlConnector->connect(Array)
#3 C:\xampp\htdocs\fincon\api\vendor\compiled.php(10669): Illuminate\Database\Connectors\ConnectionFactory->createSingleConnection(Array)
#4 C:\xampp\htdocs\fincon\api\vendor\compiled.php(10587): Illuminate\Database\Connectors\ConnectionFactory->make(Array, 'mysql')
#5 C:\xampp\htdocs\fincon\api\vendor\compiled.php(10542): Illuminate\Database\DatabaseManager->makeConnection('mysql')
#6 C:\xampp\htdocs\fincon\api\vendor\compiled.php(10434): Illuminate\Database\DatabaseManager->connection(NULL)
#7 C:\xampp\htdocs\fincon\api\vendor\compiled.php(10421): Illuminate\Database\Eloquent\Model::resolveConnection(NULL)
#8 C:\xampp\htdocs\fincon\api\vendor\compiled.php(9921): Illuminate\Database\Eloquent\Model->getConnection()
#9 C:\xampp\htdocs\fincon\api\vendor\compiled.php(9898): Illuminate\Database\Eloquent\Model->newBaseQueryBuilder()
#10 C:\xampp\htdocs\fincon\api\vendor\compiled.php(9888): Illuminate\Database\Eloquent\Model->newQueryWithoutScopes()
#11 C:\xampp\htdocs\fincon\api\vendor\compiled.php(10505): Illuminate\Database\Eloquent\Model->newQuery()
#12 [internal function]: Illuminate\Database\Eloquent\Model->__call('where', Array)
#13 [internal function]: App\Session->where('token', '=', 'bcdc06d3e483882...')
#14 C:\xampp\htdocs\fincon\api\vendor\compiled.php(10511): call_user_func_array(Array, Array)
#15 C:\xampp\htdocs\fincon\api\app\Http\Middleware\Auth.php(26): Illuminate\Database\Eloquent\Model::__callStatic('where', Array)
#16 C:\xampp\htdocs\fincon\api\app\Http\Middleware\Auth.php(26): App\Session::where('token', '=', 'bcdc06d3e483882...')
#17 C:\xampp\htdocs\fincon\api\vendor\compiled.php(8944): App\Http\Middleware\Auth->handle(Object(Illuminate\Http\Request), Object(Closure))
#18 [internal function]: Illuminate\Pipeline\Pipeline->Illuminate\Pipeline\{closure}(Object(Illuminate\Http\Request))
#19 C:\xampp\htdocs\fincon\api\vendor\compiled.php(8935): call_user_func(Object(Closure), Object(Illuminate\Http\Request))
#20 C:\xampp\htdocs\fincon\api\vendor\compiled.php(6955): Illuminate\Pipeline\Pipeline->then(Object(Closure))
#21 C:\xampp\htdocs\fincon\api\vendor\compiled.php(6944): Illuminate\Routing\Router->runRouteWithinStack(Object(Illuminate\Routing\Route), Object(Illuminate\Http\Request))
#22 C:\xampp\htdocs\fincon\api\vendor\compiled.php(6929): Illuminate\Routing\Router->dispatchToRoute(Object(Illuminate\Http\Request))
#23 C:\xampp\htdocs\fincon\api\vendor\compiled.php(1935): Illuminate\Routing\Router->dispatch(Object(Illuminate\Http\Request))
#24 [internal function]: Illuminate\Foundation\Http\Kernel->Illuminate\Foundation\Http\{closure}(Object(Illuminate\Http\Request))
#25 C:\xampp\htdocs\fincon\api\vendor\compiled.php(8952): call_user_func(Object(Closure), Object(Illuminate\Http\Request))
#26 C:\xampp\htdocs\fincon\api\app\Http\Middleware\VerifyCsrfToken.php(18): Illuminate\Pipeline\Pipeline->Illuminate\Pipeline\{closure}(Object(Illuminate\Http\Request))
#27 C:\xampp\htdocs\fincon\api\vendor\compiled.php(8944): App\Http\Middleware\VerifyCsrfToken->handle(Object(Illuminate\Http\Request), Object(Closure))
#28 C:\xampp\htdocs\fincon\api\vendor\compiled.php(12083): Illuminate\Pipeline\Pipeline->Illuminate\Pipeline\{closure}(Object(Illuminate\Http\Request))
#29 C:\xampp\htdocs\fincon\api\vendor\compiled.php(8944): Illuminate\View\Middleware\ShareErrorsFromSession->handle(Object(Illuminate\Http\Request), Object(Closure))
#30 C:\xampp\htdocs\fincon\api\vendor\compiled.php(10785): Illuminate\Pipeline\Pipeline->Illuminate\Pipeline\{closure}(Object(Illuminate\Http\Request))
#31 C:\xampp\htdocs\fincon\api\vendor\compiled.php(8944): Illuminate\Session\Middleware\StartSession->handle(Object(Illuminate\Http\Request), Object(Closure))
#32 C:\xampp\htdocs\fincon\api\vendor\compiled.php(11789): Illuminate\Pipeline\Pipeline->Illuminate\Pipeline\{closure}(Object(Illuminate\Http\Request))
#33 C:\xampp\htdocs\fincon\api\vendor\compiled.php(8944): Illuminate\Cookie\Middleware\AddQueuedCookiesToResponse->handle(Object(Illuminate\Http\Request), Object(Closure))
#34 C:\xampp\htdocs\fincon\api\vendor\compiled.php(11738): Illuminate\Pipeline\Pipeline->Illuminate\Pipeline\{closure}(Object(Illuminate\Http\Request))
#35 C:\xampp\htdocs\fincon\api\vendor\compiled.php(8944): Illuminate\Cookie\Middleware\EncryptCookies->handle(Object(Illuminate\Http\Request), Object(Closure))
#36 C:\xampp\htdocs\fincon\api\vendor\compiled.php(2478): Illuminate\Pipeline\Pipeline->Illuminate\Pipeline\{closure}(Object(Illuminate\Http\Request))
#37 C:\xampp\htdocs\fincon\api\vendor\compiled.php(8944): Illuminate\Foundation\Http\Middleware\CheckForMaintenanceMode->handle(Object(Illuminate\Http\Request), Object(Closure))
#38 [internal function]: Illuminate\Pipeline\Pipeline->Illuminate\Pipeline\{closure}(Object(Illuminate\Http\Request))
#39 C:\xampp\htdocs\fincon\api\vendor\compiled.php(8935): call_user_func(Object(Closure), Object(Illuminate\Http\Request))
#40 C:\xampp\htdocs\fincon\api\vendor\compiled.php(1891): Illuminate\Pipeline\Pipeline->then(Object(Closure))
#41 C:\xampp\htdocs\fincon\api\vendor\compiled.php(1880): Illuminate\Foundation\Http\Kernel->sendRequestThroughRouter(Object(Illuminate\Http\Request))
#42 C:\xampp\htdocs\fincon\api\public\index.php(53): Illuminate\Foundation\Http\Kernel->handle(Object(Illuminate\Http\Request))
#43 {main}  
